<?xml version="1.0" encoding="UTF-8"?>
<testng-results ignored="0" total="1" passed="1" failed="0" skipped="0">
  <reporter-output>
  </reporter-output>
  <suite started-at="2022-01-20T17:08:48 IST" name="Default suite" finished-at="2022-01-20T17:09:09 IST" duration-ms="20403">
    <groups>
    </groups>
    <test started-at="2022-01-20T17:08:48 IST" name="Default test" finished-at="2022-01-20T17:09:09 IST" duration-ms="20403">
      <class name="pageObject.WithoutFindBy">
        <test-method signature="login()[pri:0, instance:pageObject.WithoutFindBy@44a7bfbc]" started-at="2022-01-20T17:08:48 IST" name="login" finished-at="2022-01-20T17:09:09 IST" duration-ms="20288" status="PASS">
          <reporter-output>
          </reporter-output>
        </test-method> <!-- login -->
      </class> <!-- pageObject.WithoutFindBy -->
    </test> <!-- Default test -->
  </suite> <!-- Default suite -->
</testng-results>
